[INFO] Scanning for projects...
[INFO] 
[INFO] ------------------------< com.cartwise:backend >------------------------
[INFO] Building backend 0.0.1-SNAPSHOT
[INFO]   from pom.xml
[INFO] --------------------------------[ jar ]---------------------------------
[INFO] 
[INFO] --- clean:3.3.2:clean (default-clean) @ backend ---
[INFO] Deleting D:\p\backend\target
[INFO] 
[INFO] --- resources:3.3.1:resources (default-resources) @ backend ---
[INFO] Copying 1 resource from src\main\resources to target\classes
[INFO] Copying 0 resource from src\main\resources to target\classes
[INFO] 
[INFO] --- compiler:3.11.0:compile (default-compile) @ backend ---
[INFO] Changes detected - recompiling the module! :source
[INFO] Compiling 29 source files with javac [debug release 17] to target\classes
[INFO] -------------------------------------------------------------
[ERROR] COMPILATION ERROR : 
[INFO] -------------------------------------------------------------
[ERROR] /D:/p/backend/src/main/java/com/cartwise/scraper/SeleniumBaseScraper.java:[52,82] cannot find symbol
  symbol:   method getName()
  location: variable item of type com.cartwise.model.SearchItem
[ERROR] /D:/p/backend/src/main/java/com/cartwise/scraper/SeleniumBaseScraper.java:[57,48] cannot find symbol
  symbol:   method getName()
  location: variable item of type com.cartwise.model.SearchItem
[ERROR] /D:/p/backend/src/main/java/com/cartwise/scraper/SeleniumBaseScraper.java:[60,100] cannot find symbol
  symbol:   method getName()
  location: variable item of type com.cartwise.model.SearchItem
[ERROR] /D:/p/backend/src/main/java/com/cartwise/scraper/impl/ZeptoClient.java:[94,38] cannot find symbol
  symbol:   method getName()
  location: variable item of type com.cartwise.model.SearchItem
[ERROR] /D:/p/backend/src/main/java/com/cartwise/scraper/impl/ZeptoClient.java:[124,56] cannot find symbol
  symbol:   method getName()
  location: variable item of type com.cartwise.model.SearchItem
[ERROR] /D:/p/backend/src/main/java/com/cartwise/scraper/impl/BlinkitClient.java:[103,42] cannot find symbol
  symbol:   method getName()
  location: variable item of type com.cartwise.model.SearchItem
[ERROR] /D:/p/backend/src/main/java/com/cartwise/scraper/impl/BlinkitClient.java:[129,56] cannot find symbol
  symbol:   method getName()
  location: variable item of type com.cartwise.model.SearchItem
[INFO] 7 errors 
[INFO] -------------------------------------------------------------
[INFO] ------------------------------------------------------------------------
[INFO] BUILD FAILURE
[INFO] ------------------------------------------------------------------------
[INFO] Total time:  8.347 s
[INFO] Finished at: 2026-02-05T22:59:40+05:30
[INFO] ------------------------------------------------------------------------
[ERROR] Failed to execute goal org.apache.maven.plugins:maven-compiler-plugin:3.11.0:compile (default-compile) on project backend: Compilation failure: Compilation failure: 
[ERROR] /D:/p/backend/src/main/java/com/cartwise/scraper/SeleniumBaseScraper.java:[52,82] cannot find symbol
[ERROR]   symbol:   method getName()
[ERROR]   location: variable item of type com.cartwise.model.SearchItem
[ERROR] /D:/p/backend/src/main/java/com/cartwise/scraper/SeleniumBaseScraper.java:[57,48] cannot find symbol
[ERROR]   symbol:   method getName()
[ERROR]   location: variable item of type com.cartwise.model.SearchItem
[ERROR] /D:/p/backend/src/main/java/com/cartwise/scraper/SeleniumBaseScraper.java:[60,100] cannot find symbol
[ERROR]   symbol:   method getName()
[ERROR]   location: variable item of type com.cartwise.model.SearchItem
[ERROR] /D:/p/backend/src/main/java/com/cartwise/scraper/impl/ZeptoClient.java:[94,38] cannot find symbol
[ERROR]   symbol:   method getName()
[ERROR]   location: variable item of type com.cartwise.model.SearchItem
[ERROR] /D:/p/backend/src/main/java/com/cartwise/scraper/impl/ZeptoClient.java:[124,56] cannot find symbol
[ERROR]   symbol:   method getName()
[ERROR]   location: variable item of type com.cartwise.model.SearchItem
[ERROR] /D:/p/backend/src/main/java/com/cartwise/scraper/impl/BlinkitClient.java:[103,42] cannot find symbol
[ERROR]   symbol:   method getName()
[ERROR]   location: variable item of type com.cartwise.model.SearchItem
[ERROR] /D:/p/backend/src/main/java/com/cartwise/scraper/impl/BlinkitClient.java:[129,56] cannot find symbol
[ERROR]   symbol:   method getName()
[ERROR]   location: variable item of type com.cartwise.model.SearchItem
[ERROR] -> [Help 1]
[ERROR] 
[ERROR] To see the full stack trace of the errors, re-run Maven with the -e switch.
[ERROR] Re-run Maven using the -X switch to enable full debug logging.
[ERROR] 
[ERROR] For more information about the errors and possible solutions, please read the following articles:
[ERROR] [Help 1] http://cwiki.apache.org/confluence/display/MAVEN/MojoFailureException
